<?xml version="1.0" encoding="UTF-8"?>
<!-- Generated by org.testng.reporters.JUnitReportReporter -->
<testsuite hostname="DESKTOP-2FGF1TP" failures="0" tests="1" name="dummy_package.Dummy" time="0.014" errors="0" timestamp="2024-12-14T13:03:44 IST" skipped="0">
  <testcase classname="dummy_package.Dummy" name="Dummy" time="0.014"/>
  <system-out/>
</testsuite> <!-- dummy_package.Dummy -->
